Using pre-set license
Built from '2021.3/staging' branch; Version is '2021.3.8f1 (b30333d56e81) revision 11731763'; Using compiler version '192829333'; Build Type 'Release'
OS: 'Windows 11  (10.0.22000) 64bit CoreSingleLanguage' Language: 'en' Physical Memory: 16226 MB
BatchMode: 1, IsHumanControllingUs: 0, StartBugReporterOnCrash: 0, Is64bit: 1, IsPro: 1

COMMAND LINE ARGUMENTS:
C:\Program Files\Unity\Hub\Editor\2021.3.8f1\Editor\Unity.exe
-adb2
-batchMode
-noUpm
-name
AssetImportWorker0
-projectPath
C:/Users/invan/Documents/Unity/NPC AI
-logFile
Logs/AssetImportWorker0.log
-srvPort
59253
Successfully changed project path to: C:/Users/invan/Documents/Unity/NPC AI
C:/Users/invan/Documents/Unity/NPC AI
[UnityMemory] Configuration Parameters - Can be set up in boot.config
    "memorysetup-bucket-allocator-granularity=16"
    "memorysetup-bucket-allocator-bucket-count=8"
    "memorysetup-bucket-allocator-block-size=33554432"
    "memorysetup-bucket-allocator-block-count=8"
    "memorysetup-main-allocator-block-size=16777216"
    "memorysetup-thread-allocator-block-size=16777216"
    "memorysetup-gfx-main-allocator-block-size=16777216"
    "memorysetup-gfx-thread-allocator-block-size=16777216"
    "memorysetup-cache-allocator-block-size=4194304"
    "memorysetup-typetree-allocator-block-size=2097152"
    "memorysetup-profiler-bucket-allocator-granularity=16"
    "memorysetup-profiler-bucket-allocator-bucket-count=8"
    "memorysetup-profiler-bucket-allocator-block-size=33554432"
    "memorysetup-profiler-bucket-allocator-block-count=8"
    "memorysetup-profiler-allocator-block-size=16777216"
    "memorysetup-profiler-editor-allocator-block-size=1048576"
    "memorysetup-temp-allocator-size-main=16777216"
    "memorysetup-job-temp-allocator-block-size=2097152"
    "memorysetup-job-temp-allocator-block-size-background=1048576"
    "memorysetup-job-temp-allocator-reduction-small-platforms=262144"
    "memorysetup-temp-allocator-size-background-worker=32768"
    "memorysetup-temp-allocator-size-job-worker=262144"
    "memorysetup-temp-allocator-size-preload-manager=33554432"
    "memorysetup-temp-allocator-size-nav-mesh-worker=65536"
    "memorysetup-temp-allocator-size-audio-worker=65536"
    "memorysetup-temp-allocator-size-cloud-worker=32768"
    "memorysetup-temp-allocator-size-gi-baking-worker=262144"
    "memorysetup-temp-allocator-size-gfx=262144"
Refreshing native plugins compatible for Editor in 115.43 ms, found 3 plugins.
Preloading 0 native plugins for Editor in 0.00 ms.
Initialize engine version: 2021.3.8f1 (b30333d56e81)
[Subsystems] Discovering subsystems at path C:/Program Files/Unity/Hub/Editor/2021.3.8f1/Editor/Data/Resources/UnitySubsystems
[Subsystems] Discovering subsystems at path C:/Users/invan/Documents/Unity/NPC AI/Assets
GfxDevice: creating device client; threaded=0; jobified=0
Direct3D:
    Version:  Direct3D 11.0 [level 11.1]
    Renderer: NVIDIA GeForce GTX 1650 (ID=0x1f91)
    Vendor:   NVIDIA
    VRAM:     3962 MB
    Driver:   30.0.15.1295
Initialize mono
Mono path[0] = 'C:/Program Files/Unity/Hub/Editor/2021.3.8f1/Editor/Data/Managed'
Mono path[1] = 'C:/Program Files/Unity/Hub/Editor/2021.3.8f1/Editor/Data/MonoBleedingEdge/lib/mono/unityjit-win32'
Mono config path = 'C:/Program Files/Unity/Hub/Editor/2021.3.8f1/Editor/Data/MonoBleedingEdge/etc'
Using monoOptions --debugger-agent=transport=dt_socket,embedding=1,server=y,suspend=n,address=127.0.0.1:56956
Begin MonoManager ReloadAssembly
Registering precompiled unity dll's ...
Register platform support module: C:/Program Files/Unity/Hub/Editor/2021.3.8f1/Editor/Data/PlaybackEngines/AndroidPlayer/UnityEditor.Android.Extensions.dll
Register platform support module: C:/Program Files/Unity/Hub/Editor/2021.3.8f1/Editor/Data/PlaybackEngines/WindowsStandaloneSupport/UnityEditor.WindowsStandalone.Extensions.dll
Registered in 0.007234 seconds.
Native extension for WindowsStandalone target not found
Native extension for Android target not found
Refreshing native plugins compatible for Editor in 117.74 ms, found 3 plugins.
Preloading 0 native plugins for Editor in 0.00 ms.
Mono: successfully reloaded assembly
- Completed reload, in  0.889 seconds
Domain Reload Profiling:
	ReloadAssembly (889ms)
		BeginReloadAssembly (112ms)
			ExecutionOrderSort (0ms)
			DisableScriptedObjects (0ms)
			BackupInstance (0ms)
			ReleaseScriptingObjects (0ms)
			CreateAndSetChildDomain (1ms)
		EndReloadAssembly (606ms)
			LoadAssemblies (109ms)
			RebuildTransferFunctionScriptingTraits (0ms)
			SetupTypeCache (133ms)
			ReleaseScriptCaches (0ms)
			RebuildScriptCaches (38ms)
			SetupLoadedEditorAssemblies (363ms)
				LogAssemblyErrors (0ms)
				InitializePlatformSupportModulesInManaged (64ms)
				SetLoadedEditorAssemblies (2ms)
				RefreshPlugins (118ms)
				BeforeProcessingInitializeOnLoad (1ms)
				ProcessInitializeOnLoadAttributes (121ms)
				ProcessInitializeOnLoadMethodAttributes (56ms)
				AfterProcessingInitializeOnLoad (0ms)
				EditorAssembliesLoaded (0ms)
			ExecutionOrderSort2 (0ms)
			AwakeInstancesAfterBackupRestoration (0ms)
Platform modules already initialized, skipping
Registering precompiled user dll's ...
Registered in 0.007033 seconds.
Begin MonoManager ReloadAssembly
Symbol file LoadedFromMemory doesn't match image C:\Users\invan\Documents\Unity\NPC AI\Library\PackageCache\com.unity.visualscripting@1.7.8\Editor\VisualScripting.Core\Dependencies\YamlDotNet\Unity.VisualScripting.YamlDotNet.dll
Symbol file LoadedFromMemory doesn't match image C:\Users\invan\Documents\Unity\NPC AI\Library\PackageCache\com.unity.visualscripting@1.7.8\Editor\VisualScripting.Core\Dependencies\DotNetZip\Unity.VisualScripting.IonicZip.dll
Native extension for WindowsStandalone target not found
Native extension for Android target not found
Refreshing native plugins compatible for Editor in 0.68 ms, found 3 plugins.
Preloading 0 native plugins for Editor in 0.00 ms.
Mono: successfully reloaded assembly
- Completed reload, in  1.451 seconds
Domain Reload Profiling:
	ReloadAssembly (1453ms)
		BeginReloadAssembly (292ms)
			ExecutionOrderSort (0ms)
			DisableScriptedObjects (15ms)
			BackupInstance (0ms)
			ReleaseScriptingObjects (0ms)
			CreateAndSetChildDomain (127ms)
		EndReloadAssembly (990ms)
			LoadAssemblies (111ms)
			RebuildTransferFunctionScriptingTraits (0ms)
			SetupTypeCache (341ms)
			ReleaseScriptCaches (1ms)
			RebuildScriptCaches (66ms)
			SetupLoadedEditorAssemblies (442ms)
				LogAssemblyErrors (0ms)
				InitializePlatformSupportModulesInManaged (15ms)
				SetLoadedEditorAssemblies (1ms)
				RefreshPlugins (1ms)
				BeforeProcessingInitializeOnLoad (109ms)
				ProcessInitializeOnLoadAttributes (273ms)
				ProcessInitializeOnLoadMethodAttributes (38ms)
				AfterProcessingInitializeOnLoad (6ms)
				EditorAssembliesLoaded (0ms)
			ExecutionOrderSort2 (0ms)
			AwakeInstancesAfterBackupRestoration (7ms)
Platform modules already initialized, skipping
========================================================================
Worker process is ready to serve import requests
Launched and connected shader compiler UnityShaderCompiler.exe after 0.05 seconds
Refreshing native plugins compatible for Editor in 0.84 ms, found 3 plugins.
Preloading 0 native plugins for Editor in 0.00 ms.
Unloading 3411 Unused Serialized files (Serialized files now loaded: 0)
Unloading 27 unused Assets / (111.6 KB). Loaded Objects now: 3888.
Memory consumption went from 133.3 MB to 133.1 MB.
Total: 4.626100 ms (FindLiveObjects: 0.307000 ms CreateObjectMapping: 0.252600 ms MarkObjects: 3.932200 ms  DeleteObjects: 0.132700 ms)

AssetImportParameters requested are different than current active one (requested -> active):
  custom:video-decoder-ogg-theora: a1e56fd34408186e4bbccfd4996cb3dc -> 
  custom:container-muxer-webm: aa71ff27fc2769a1b78a27578f13a17b -> 
  custom:container-demuxer-webm: 4f35f7cbe854078d1ac9338744f61a02 -> 
  custom:video-encoder-webm-vp8: eb34c28f22e8b96e1ab97ce403110664 -> 
  custom:audio-encoder-webm-vorbis: bf7c407c2cedff20999df2af8eb42d56 -> 
  custom:framework-win-MediaFoundation: 216162199b28c13a410421893ffa2e32 -> 
  custom:container-demuxer-ogg: 62fdf1f143b41e24485cea50d1cbac27 -> 
  custom:video-decoder-webm-vp8: 9c59270c3fd7afecdb556c50c9e8de78 -> 
  custom:audio-decoder-ogg-vorbis: bf7c407c2cedff20999df2af8eb42d56 -> 
========================================================================
Received Import Request.
  Time since last request: 362761.606327 seconds.
  path: Assets/PolygonCity/FX
  artifactKey: Guid(b2405bafcb5d22b409202fa5171d5307) Importer(815301076,1909f56bfc062723c751e8b465ee728b)
Start importing Assets/PolygonCity/FX using Guid(b2405bafcb5d22b409202fa5171d5307) Importer(815301076,1909f56bfc062723c751e8b465ee728b)  -> (artifact id: '462308800b98a919c829af250a111479') in 0.013444 seconds 
========================================================================
Received Import Request.
  Time since last request: 10.148357 seconds.
  path: Assets/PolygonCity/Prefabs
  artifactKey: Guid(719f0ae4e975aeb47af8210fbafd273a) Importer(815301076,1909f56bfc062723c751e8b465ee728b)
Start importing Assets/PolygonCity/Prefabs using Guid(719f0ae4e975aeb47af8210fbafd273a) Importer(815301076,1909f56bfc062723c751e8b465ee728b)  -> (artifact id: '4cc2cf4a10aed6c4ae3abc9db7087591') in 0.006573 seconds 
========================================================================
Received Import Request.
  Time since last request: 5.091446 seconds.
  path: Assets/PolygonCity/Models
  artifactKey: Guid(cca6ae8fbde694d4c8c7749e73ff2487) Importer(815301076,1909f56bfc062723c751e8b465ee728b)
Start importing Assets/PolygonCity/Models using Guid(cca6ae8fbde694d4c8c7749e73ff2487) Importer(815301076,1909f56bfc062723c751e8b465ee728b)  -> (artifact id: '6b23737f5c1c3e4868a2616fb6cbbdc6') in 0.007375 seconds 
========================================================================
Received Import Request.
  Time since last request: 4.999651 seconds.
  path: Assets/PolygonCity/Materials
  artifactKey: Guid(d83f616908a7ed8429a9b97d5c7c3859) Importer(815301076,1909f56bfc062723c751e8b465ee728b)
Start importing Assets/PolygonCity/Materials using Guid(d83f616908a7ed8429a9b97d5c7c3859) Importer(815301076,1909f56bfc062723c751e8b465ee728b)  -> (artifact id: '77dd6d10f6cde629c8b72dd5cdbaabf2') in 0.007527 seconds 
========================================================================
Received Import Request.
  Time since last request: 44.621419 seconds.
  path: Assets/PolygonCity/Textures
  artifactKey: Guid(fb156a8043aa65c4b88a9f3443e9f9eb) Importer(815301076,1909f56bfc062723c751e8b465ee728b)
Start importing Assets/PolygonCity/Textures using Guid(fb156a8043aa65c4b88a9f3443e9f9eb) Importer(815301076,1909f56bfc062723c751e8b465ee728b)  -> (artifact id: '4ea0f5bf71c403ec44cb2feb2b8f0745') in 0.007805 seconds 
========================================================================
Received Import Request.
  Time since last request: 37.981034 seconds.
  path: Assets/PolygonCity/Models
  artifactKey: Guid(cca6ae8fbde694d4c8c7749e73ff2487) Importer(815301076,1909f56bfc062723c751e8b465ee728b)
Start importing Assets/PolygonCity/Models using Guid(cca6ae8fbde694d4c8c7749e73ff2487) Importer(815301076,1909f56bfc062723c751e8b465ee728b)  -> (artifact id: '2721b4e1fc14e30c0f097e7e34855d85') in 0.003421 seconds 
========================================================================
Received Import Request.
  Time since last request: 71.674542 seconds.
  path: Assets/PolygonCity/Models/Collisions
  artifactKey: Guid(486a74b1c2b898d46a8216efc535c63a) Importer(815301076,1909f56bfc062723c751e8b465ee728b)
Start importing Assets/PolygonCity/Models/Collisions using Guid(486a74b1c2b898d46a8216efc535c63a) Importer(815301076,1909f56bfc062723c751e8b465ee728b)  -> (artifact id: '733d75c32548209e95fe5fc67f76fa6a') in 0.007801 seconds 
========================================================================
Received Import Request.
  Time since last request: 1.434851 seconds.
  path: Assets/PolygonCity/Models/FixedScaleCharacters
  artifactKey: Guid(575948b58fc863d4a9f5218f06c81fe0) Importer(815301076,1909f56bfc062723c751e8b465ee728b)
Start importing Assets/PolygonCity/Models/FixedScaleCharacters using Guid(575948b58fc863d4a9f5218f06c81fe0) Importer(815301076,1909f56bfc062723c751e8b465ee728b)  -> (artifact id: 'f8f210e7d59d90f326acfc910fb8ff31') in 0.007027 seconds 
========================================================================
Received Import Request.
  Time since last request: 0.933188 seconds.
  path: Assets/PolygonCity/Models/FixedScaleCharacters/Characters.fbx
  artifactKey: Guid(91028badc63f59f43a9c5bda64fbd608) Importer(815301076,1909f56bfc062723c751e8b465ee728b)
Start importing Assets/PolygonCity/Models/FixedScaleCharacters/Characters.fbx using Guid(91028badc63f59f43a9c5bda64fbd608) Importer(815301076,1909f56bfc062723c751e8b465ee728b)  -> (artifact id: 'aa26097360bd8b4559fd64b0cbb46646') in 0.405846 seconds 
========================================================================
Received Import Request.
  Time since last request: 191.227371 seconds.
  path: Assets/PolygonCity/Models/SM_Bld_Apartment_01.fbx
  artifactKey: Guid(7e4c9c6a708282549adc005136e459f2) Importer(815301076,1909f56bfc062723c751e8b465ee728b)
Start importing Assets/PolygonCity/Models/SM_Bld_Apartment_01.fbx using Guid(7e4c9c6a708282549adc005136e459f2) Importer(815301076,1909f56bfc062723c751e8b465ee728b)  -> (artifact id: '0601e52a2015cc2a164b65f838d8600e') in 0.030377 seconds 
========================================================================
Received Import Request.
  Time since last request: 45.283157 seconds.
  path: Assets/PolygonCity/Models/SM_Prop_ShopInterior_Cafe_01.fbx
  artifactKey: Guid(5c109fd8e0291834eae9ccbb4f4c649b) Importer(815301076,1909f56bfc062723c751e8b465ee728b)
Start importing Assets/PolygonCity/Models/SM_Prop_ShopInterior_Cafe_01.fbx using Guid(5c109fd8e0291834eae9ccbb4f4c649b) Importer(815301076,1909f56bfc062723c751e8b465ee728b)  -> (artifact id: 'f07380929ec614e04131498552b280dd') in 0.024457 seconds 
========================================================================
Received Import Request.
  Time since last request: 16.340456 seconds.
  path: Assets/PolygonCity/Models/SM_Prop_Newspaper_02.fbx
  artifactKey: Guid(6c311a8ff9ef5904cbf88d1eea54aae8) Importer(815301076,1909f56bfc062723c751e8b465ee728b)
Start importing Assets/PolygonCity/Models/SM_Prop_Newspaper_02.fbx using Guid(6c311a8ff9ef5904cbf88d1eea54aae8) Importer(815301076,1909f56bfc062723c751e8b465ee728b)  -> (artifact id: 'a28e3f95b8db4da40deef5eb18797524') in 0.019129 seconds 
========================================================================
Received Import Request.
  Time since last request: 35.695111 seconds.
  path: Assets/PolygonCity/Models/SM_Prop_BusStop_01.fbx
  artifactKey: Guid(1beca94c7e191af4da3b42a4db6c20ae) Importer(815301076,1909f56bfc062723c751e8b465ee728b)
Start importing Assets/PolygonCity/Models/SM_Prop_BusStop_01.fbx using Guid(1beca94c7e191af4da3b42a4db6c20ae) Importer(815301076,1909f56bfc062723c751e8b465ee728b)  -> (artifact id: '29e1783955e05ad29a44b232e657d7a2') in 0.030035 seconds 
========================================================================
Received Import Request.
  Time since last request: 9.785993 seconds.
  path: Assets/PolygonCity/Models/SM_Prop_ShopInterior_Desk_02.fbx
  artifactKey: Guid(f5a8dfd8843722a4ea0e48980bed3b4f) Importer(815301076,1909f56bfc062723c751e8b465ee728b)
Start importing Assets/PolygonCity/Models/SM_Prop_ShopInterior_Desk_02.fbx using Guid(f5a8dfd8843722a4ea0e48980bed3b4f) Importer(815301076,1909f56bfc062723c751e8b465ee728b)  -> (artifact id: '205dc01583cca663ab0805ab11794e0d') in 0.021407 seconds 
========================================================================
Received Import Request.
  Time since last request: 9.350577 seconds.
  path: Assets/PolygonCity/Models/SM_Prop_PicnicTable_01.fbx
  artifactKey: Guid(c454f6aff46058043ab43e59d0b536ec) Importer(815301076,1909f56bfc062723c751e8b465ee728b)
Start importing Assets/PolygonCity/Models/SM_Prop_PicnicTable_01.fbx using Guid(c454f6aff46058043ab43e59d0b536ec) Importer(815301076,1909f56bfc062723c751e8b465ee728b)  -> (artifact id: 'e5062c9dc2a7c92107179c27a48253c7') in 0.020066 seconds 
========================================================================
Received Import Request.
  Time since last request: 21.577436 seconds.
  path: Assets/PolygonCity/Models/SM_Bld_Apartment_02.fbx
  artifactKey: Guid(7e542005a33c314419c59e77105281fe) Importer(815301076,1909f56bfc062723c751e8b465ee728b)
Start importing Assets/PolygonCity/Models/SM_Bld_Apartment_02.fbx using Guid(7e542005a33c314419c59e77105281fe) Importer(815301076,1909f56bfc062723c751e8b465ee728b)  -> (artifact id: '4f63912d072aee4a1ec38e0809b8355b') in 0.033115 seconds 
========================================================================
Received Import Request.
  Time since last request: 14.679916 seconds.
  path: Assets/PolygonCity/Models/SM_Bld_Shop_Corner_02.fbx
  artifactKey: Guid(1e49b63f0f0c0864e997789a8d3d01be) Importer(815301076,1909f56bfc062723c751e8b465ee728b)
Start importing Assets/PolygonCity/Models/SM_Bld_Shop_Corner_02.fbx using Guid(1e49b63f0f0c0864e997789a8d3d01be) Importer(815301076,1909f56bfc062723c751e8b465ee728b)  -> (artifact id: '4abffdd3e5d66d4704ab71770fada072') in 0.034260 seconds 
========================================================================
Received Import Request.
  Time since last request: 56.229034 seconds.
  path: Assets/PolygonCity/Models/SM_Prop_Aircon_01.fbx
  artifactKey: Guid(3bc7921a1cf70574d8375ed93a8c0abf) Importer(815301076,1909f56bfc062723c751e8b465ee728b)
Start importing Assets/PolygonCity/Models/SM_Prop_Aircon_01.fbx using Guid(3bc7921a1cf70574d8375ed93a8c0abf) Importer(815301076,1909f56bfc062723c751e8b465ee728b)  -> (artifact id: '2c6c3112a0835d5bc4f0c55923297326') in 0.030783 seconds 
========================================================================
Received Import Request.
  Time since last request: 1.099072 seconds.
  path: Assets/PolygonCity/Models/Characters.fbx
  artifactKey: Guid(897b34267f422c1499700402763d096e) Importer(815301076,1909f56bfc062723c751e8b465ee728b)
Start importing Assets/PolygonCity/Models/Characters.fbx using Guid(897b34267f422c1499700402763d096e) Importer(815301076,1909f56bfc062723c751e8b465ee728b)  -> (artifact id: '7861838e19061d137ff18d23b5640122') in 0.146526 seconds 
========================================================================
Received Import Request.
  Time since last request: 11.445581 seconds.
  path: Assets/PolygonCity/Models/SM_Prop_CarboardBox_01.fbx
  artifactKey: Guid(b8d96795f225e2b498836e1750485720) Importer(815301076,1909f56bfc062723c751e8b465ee728b)
Start importing Assets/PolygonCity/Models/SM_Prop_CarboardBox_01.fbx using Guid(b8d96795f225e2b498836e1750485720) Importer(815301076,1909f56bfc062723c751e8b465ee728b)  -> (artifact id: '82137afe8db371f62a059e60f5d12957') in 0.027490 seconds 
========================================================================
Received Import Request.
  Time since last request: 12.574595 seconds.
  path: Assets/PolygonCity/Models/SM_Prop_CarboardBox_02.fbx
  artifactKey: Guid(3d7a5f734b5844547aed9a0d62f1d8e1) Importer(815301076,1909f56bfc062723c751e8b465ee728b)
Start importing Assets/PolygonCity/Models/SM_Prop_CarboardBox_02.fbx using Guid(3d7a5f734b5844547aed9a0d62f1d8e1) Importer(815301076,1909f56bfc062723c751e8b465ee728b)  -> (artifact id: '27b95e968b4c92e86b22ca8d9857bbb9') in 0.027634 seconds 
========================================================================
Received Import Request.
  Time since last request: 5.014716 seconds.
  path: Assets/PolygonCity/Models/SM_Prop_LargeSign_Guitar_01.fbx
  artifactKey: Guid(1b4a04dac569f844d94a3e9569e7af37) Importer(815301076,1909f56bfc062723c751e8b465ee728b)
Start importing Assets/PolygonCity/Models/SM_Prop_LargeSign_Guitar_01.fbx using Guid(1b4a04dac569f844d94a3e9569e7af37) Importer(815301076,1909f56bfc062723c751e8b465ee728b)  -> (artifact id: 'f2a24ec8a10aa509233df3484f00f771') in 0.023598 seconds 
========================================================================
Received Import Request.
  Time since last request: 7.326258 seconds.
  path: Assets/PolygonCity/Models/SM_Prop_Pallet_01.fbx
  artifactKey: Guid(e23d4b62aad159148848bd34bcb3a354) Importer(815301076,1909f56bfc062723c751e8b465ee728b)
Start importing Assets/PolygonCity/Models/SM_Prop_Pallet_01.fbx using Guid(e23d4b62aad159148848bd34bcb3a354) Importer(815301076,1909f56bfc062723c751e8b465ee728b)  -> (artifact id: '7b98136198097e6892be5a1971be4aa4') in 0.024903 seconds 
========================================================================
Received Import Request.
  Time since last request: 4.593165 seconds.
  path: Assets/PolygonCity/Models/SM_Prop_ParkingMeter_01.fbx
  artifactKey: Guid(bc6d4e50475f85448a0345adc55750e0) Importer(815301076,1909f56bfc062723c751e8b465ee728b)
Start importing Assets/PolygonCity/Models/SM_Prop_ParkingMeter_01.fbx using Guid(bc6d4e50475f85448a0345adc55750e0) Importer(815301076,1909f56bfc062723c751e8b465ee728b)  -> (artifact id: '540c50aa84d3ddf904e7bde7d7b3de87') in 0.021126 seconds 
========================================================================
Received Import Request.
  Time since last request: 6.215520 seconds.
  path: Assets/PolygonCity/Models/SM_Prop_Pipe_Part_Connect_01.fbx
  artifactKey: Guid(efde0704c0b00d74eaa18692b18b3253) Importer(815301076,1909f56bfc062723c751e8b465ee728b)
Start importing Assets/PolygonCity/Models/SM_Prop_Pipe_Part_Connect_01.fbx using Guid(efde0704c0b00d74eaa18692b18b3253) Importer(815301076,1909f56bfc062723c751e8b465ee728b)  -> (artifact id: 'e8f4adea262f7c1e1e1d548280a24533') in 0.022696 seconds 
========================================================================
Received Import Request.
  Time since last request: 5.114005 seconds.
  path: Assets/PolygonCity/Models/SM_Prop_Roof_Aircon_03.fbx
  artifactKey: Guid(ceb1d031ed4bfa74294360bded2096b7) Importer(815301076,1909f56bfc062723c751e8b465ee728b)
Start importing Assets/PolygonCity/Models/SM_Prop_Roof_Aircon_03.fbx using Guid(ceb1d031ed4bfa74294360bded2096b7) Importer(815301076,1909f56bfc062723c751e8b465ee728b)  -> (artifact id: 'c3aee2f3376f47ad856d31b96e31d7c2') in 0.024962 seconds 
========================================================================
Received Import Request.
  Time since last request: 6.416720 seconds.
  path: Assets/PolygonCity/Models/SM_Prop_ShopInterior_Chair_01.fbx
  artifactKey: Guid(5fadc705003914e46801f1bc19a76107) Importer(815301076,1909f56bfc062723c751e8b465ee728b)
Start importing Assets/PolygonCity/Models/SM_Prop_ShopInterior_Chair_01.fbx using Guid(5fadc705003914e46801f1bc19a76107) Importer(815301076,1909f56bfc062723c751e8b465ee728b)  -> (artifact id: '071901efa217b0c9400a4d1037473a88') in 0.022559 seconds 
========================================================================
Received Import Request.
  Time since last request: 0.523427 seconds.
  path: Assets/PolygonCity/Models/SM_Prop_ShopInterior_Desk_01.fbx
  artifactKey: Guid(7c99b4e43e33d9a49b4ba2cf0ce776e9) Importer(815301076,1909f56bfc062723c751e8b465ee728b)
Start importing Assets/PolygonCity/Models/SM_Prop_ShopInterior_Desk_01.fbx using Guid(7c99b4e43e33d9a49b4ba2cf0ce776e9) Importer(815301076,1909f56bfc062723c751e8b465ee728b)  -> (artifact id: '9e78281bd5618a7fdd03eb85c5cf173e') in 0.023801 seconds 
========================================================================
Received Import Request.
  Time since last request: 4.874223 seconds.
  path: Assets/PolygonCity/Models/SM_Prop_ShopInterior_Display_01.fbx
  artifactKey: Guid(4b4dda27c09854041851fab1b2e17354) Importer(815301076,1909f56bfc062723c751e8b465ee728b)
Start importing Assets/PolygonCity/Models/SM_Prop_ShopInterior_Display_01.fbx using Guid(4b4dda27c09854041851fab1b2e17354) Importer(815301076,1909f56bfc062723c751e8b465ee728b)  -> (artifact id: '5029276d0f7f89cf8ee2df78cef0480c') in 0.024950 seconds 
========================================================================
Received Import Request.
  Time since last request: 2.865821 seconds.
  path: Assets/PolygonCity/Models/SM_Veh_Car_Small_01.fbx
  artifactKey: Guid(5f72e1579cd001244802c30b332dae70) Importer(815301076,1909f56bfc062723c751e8b465ee728b)
Start importing Assets/PolygonCity/Models/SM_Veh_Car_Small_01.fbx using Guid(5f72e1579cd001244802c30b332dae70) Importer(815301076,1909f56bfc062723c751e8b465ee728b)  -> (artifact id: 'b398cab6e08634c923c3a3f98d3b0ff7') in 0.131392 seconds 
========================================================================
Received Import Request.
  Time since last request: 39.819245 seconds.
  path: Assets/PolygonCity/Textures
  artifactKey: Guid(fb156a8043aa65c4b88a9f3443e9f9eb) Importer(815301076,1909f56bfc062723c751e8b465ee728b)
Start importing Assets/PolygonCity/Textures using Guid(fb156a8043aa65c4b88a9f3443e9f9eb) Importer(815301076,1909f56bfc062723c751e8b465ee728b)  -> (artifact id: '889032075917ea27a48c342e02ce736b') in 0.006222 seconds 
========================================================================
Received Import Request.
  Time since last request: 5.453411 seconds.
  path: Assets/PolygonCity/Materials
  artifactKey: Guid(d83f616908a7ed8429a9b97d5c7c3859) Importer(815301076,1909f56bfc062723c751e8b465ee728b)
Start importing Assets/PolygonCity/Materials using Guid(d83f616908a7ed8429a9b97d5c7c3859) Importer(815301076,1909f56bfc062723c751e8b465ee728b)  -> (artifact id: 'dbe74826a51b899aa80b37ac3673d8e0') in 0.002571 seconds 
